<?xml version="1.0" encoding="UTF-8"?>
<testng-results skipped="0" failed="0" total="2" passed="2">
  <reporter-output>
  </reporter-output>
  <suite name="Surefire suite" duration-ms="328500" started-at="2017-06-04T02:00:01Z" finished-at="2017-06-04T02:05:30Z">
    <groups>
    </groups>
    <test name="Surefire test" duration-ms="328500" started-at="2017-06-04T02:00:01Z" finished-at="2017-06-04T02:05:30Z">
      <class name="com.masterselenium.BasicTestWD">
        <test-method status="PASS" signature="instantiateDriverObject()[pri:0, instance:com.masterselenium.BasicTestWD@4157f54e]" name="instantiateDriverObject" is-config="true" duration-ms="56" started-at="2017-06-04T10:00:01Z" finished-at="2017-06-04T10:00:01Z">
          <reporter-output>
          </reporter-output>
        </test-method> <!-- instantiateDriverObject -->
        <test-method status="PASS" signature="googleMilkExample()[pri:0, instance:com.masterselenium.BasicTestWD@4157f54e]" name="googleMilkExample" duration-ms="29092" started-at="2017-06-04T10:00:01Z" finished-at="2017-06-04T10:00:31Z">
          <reporter-output>
          </reporter-output>
        </test-method> <!-- googleMilkExample -->
        <test-method status="PASS" signature="googleCheeseExample()[pri:0, instance:com.masterselenium.BasicTestWD@4157f54e]" name="googleCheeseExample" duration-ms="328430" started-at="2017-06-04T10:00:01Z" finished-at="2017-06-04T10:05:30Z">
          <reporter-output>
          </reporter-output>
        </test-method> <!-- googleCheeseExample -->
        <test-method status="PASS" signature="clearCookies()[pri:0, instance:com.masterselenium.BasicTestWD@4157f54e]" name="clearCookies" is-config="true" duration-ms="22" started-at="2017-06-04T10:00:31Z" finished-at="2017-06-04T10:00:31Z">
          <reporter-output>
          </reporter-output>
        </test-method> <!-- clearCookies -->
        <test-method status="PASS" signature="clearCookies()[pri:0, instance:com.masterselenium.BasicTestWD@4157f54e]" name="clearCookies" is-config="true" duration-ms="16" started-at="2017-06-04T10:05:30Z" finished-at="2017-06-04T10:05:30Z">
          <reporter-output>
          </reporter-output>
        </test-method> <!-- clearCookies -->
        <test-method status="PASS" signature="closeDiverObjects()[pri:0, instance:com.masterselenium.BasicTestWD@4157f54e]" name="closeDiverObjects" is-config="true" duration-ms="1542" started-at="2017-06-04T10:05:30Z" finished-at="2017-06-04T10:05:32Z">
          <reporter-output>
          </reporter-output>
        </test-method> <!-- closeDiverObjects -->
      </class> <!-- com.masterselenium.BasicTestWD -->
    </test> <!-- Surefire test -->
  </suite> <!-- Surefire suite -->
</testng-results>
